
Running 1 test using 1 worker


================================================================================
ğŸ” STEP 1: LOGIN
================================================================================
âœ… Login successful in 4430ms

================================================================================
ğŸ“Š STEP 2: PAGE LOAD TESTS
================================================================================

ğŸ“„ Testing: Dashboard (/admin/dashboard)
âœ… Dashboard: 1608ms (success)

ğŸ“„ Testing: Analytics (/admin/analytics)
âœ… Analytics: 1910ms (success)

ğŸ“„ Testing: Notices (/admin/notices)
âœ… Notices: 1850ms (success)

ğŸ“„ Testing: Press (/admin/press)
âœ… Press: 1814ms (success)

ğŸ“„ Testing: Popups (/admin/popups)
âœ… Popups: 1774ms (success)

ğŸ“„ Testing: Demo Requests (/admin/demo-requests)
âœ… Demo Requests: 1915ms (success)

ğŸ“„ Testing: Knowledge Library (/admin/knowledge-library)
âœ… Knowledge Library: 1840ms (success)

ğŸ“„ Testing: Knowledge Videos (/admin/knowledge-videos)
âœ… Knowledge Videos: 1966ms (success)

ğŸ“„ Testing: Knowledge Blog (/admin/knowledge-blog)
âœ… Knowledge Blog: 1967ms (success)

================================================================================
ğŸ”§ STEP 3: CRUD OPERATIONS TESTS
================================================================================

ğŸ”§ CRUD Test (Page): Notices
  ğŸ“ Testing CREATE...
  âŒ CREATE: Failed - locator.click: Timeout 10000ms exceeded.
Call log:
[2m  - waiting for locator('button[type="submit"]').first()[22m

  ğŸ“– Testing READ...
  âŒ READ: Failed
  âœï¸  Testing UPDATE...
  âš ï¸  UPDATE: Edit link not found
  ğŸ—‘ï¸  Testing DELETE...
  âš ï¸  DELETE: Delete button not found

ğŸ”§ CRUD Test (Page): Press
  ğŸ“ Testing CREATE...
  âœ… CREATE: Success
  ğŸ“– Testing READ...
  âœ… READ: Success
  âœï¸  Testing UPDATE...
  âŒ UPDATE: Failed - locator.fill: Timeout 10000ms exceeded.
Call log:
[2m  - waiting for locator('input[type="text"]').first()[22m

  ğŸ—‘ï¸  Testing DELETE...
  âš ï¸  DELETE: Delete button not found

ğŸ”§ CRUD Test (Page): Popups
  ğŸ“ Testing CREATE...
  âœ… CREATE: Success
  ğŸ“– Testing READ...
  âœ… READ: Success
  âœï¸  Testing UPDATE...
  âŒ UPDATE: Failed
  ğŸ—‘ï¸  Testing DELETE...
  âš ï¸  DELETE: Delete button not found

ğŸ”§ CRUD Test (Modal): Knowledge Library
  ğŸ“ Testing CREATE...
  âœ… CREATE: Success
  ğŸ“– Testing READ...
  âœ… READ: Success
  âœï¸  Testing UPDATE...
  âœ… UPDATE: Success
  ğŸ—‘ï¸  Testing DELETE...
  âœ… DELETE: Success

ğŸ”§ CRUD Test (Modal): Knowledge Videos
  ğŸ“ Testing CREATE...
  âœ… CREATE: Success
  ğŸ“– Testing READ...
  âœ… READ: Success
  âœï¸  Testing UPDATE...
  âœ… UPDATE: Success
  ğŸ—‘ï¸  Testing DELETE...
  âœ… DELETE: Success

ğŸ”§ CRUD Test (Modal): Knowledge Blog
  ğŸ“ Testing CREATE...
  âŒ CREATE: Failed
  ğŸ“– Testing READ...
  âŒ READ: Failed
  âœï¸  Testing UPDATE...
  âŒ UPDATE: Failed
  ğŸ—‘ï¸  Testing DELETE...
  âš ï¸  DELETE: Delete button not found

================================================================================
ğŸ“‹ FINAL REPORT
================================================================================

ğŸ“Š PAGE LOAD SUMMARY:
--------------------------------------------------------------------------------
| Page                  | Load Time | Status   |
|-----------------------|-----------|----------|
| Dashboard             | 1608ms    | âœ…        |
| Analytics             | 1910ms    | âœ…        |
| Notices               | 1850ms    | âœ…        |
| Press                 | 1814ms    | âœ…        |
| Popups                | 1774ms    | âœ…        |
| Demo Requests         | 1915ms    | âœ…        |
| Knowledge Library     | 1840ms    | âœ…        |
| Knowledge Videos      | 1966ms    | âœ…        |
| Knowledge Blog        | 1967ms    | âœ…        |
--------------------------------------------------------------------------------
Total Pages: 9
Successful: 9
Failed: 0
Average Load Time: 1849ms

ğŸ”§ CRUD OPERATIONS SUMMARY:
--------------------------------------------------------------------------------
| Page                  | C | R | U | D | Score |
|-----------------------|---|---|---|---|-------|
| Notices               | âŒ | âŒ | âŒ | âŒ | 0/4   |
| Press                 | âœ… | âœ… | âŒ | âŒ | 2/4   |
| Popups                | âœ… | âœ… | âŒ | âŒ | 2/4   |
| Knowledge Library     | âœ… | âœ… | âœ… | âœ… | 4/4   |
| Knowledge Videos      | âœ… | âœ… | âœ… | âœ… | 4/4   |
| Knowledge Blog        | âŒ | âŒ | âŒ | âŒ | 0/4   |
--------------------------------------------------------------------------------
Total CRUD Operations: 24
Successful: 12
Failed: 12
Success Rate: 50.0%

ğŸ› CONSOLE ERRORS:
  - [Console Error] Warning: A future version of React will block javascript: URLs as a security precaution. Use event handlers instead if you can. If you need to generate unsafe HTML try using dangerouslySetInnerHTML instead. React was passed %s.%s "javascript:void(0)" 
    at form
    at div
    at div
    at AdminLoginPage (webpack-internal:///(app-pages-browser)/./app/admin/login/page.tsx:35:78)
    at ClientPageRoot (webpack-internal:///(app-pages-browser)/./node_modules/next/dist/client/components/client-page.js:14:11)
    at InnerLayoutRouter (webpack-internal:///(app-pages-browser)/./node_modules/next/dist/client/components/layout-router.js:243:11)
    at RedirectErrorBoundary (webpack-internal:///(app-pages-browser)/./node_modules/next/dist/client/components/redirect-boundary.js:74:9)
    at RedirectBoundary (webpack-internal:///(app-pages-browser)/./node_modules/next/dist/client/components/redirect-boundary.js:82:11)
    at NotFoundBoundary (webpack-internal:///(app-pages-browser)/./node_modules/next/dist/client/components/not-found-boundary.js:84:11)
    at LoadingBoundary (webpack-internal:///(app-pages-browser)/./node_modules/next/dist/client/components/layout-router.js:349:11)
    at ErrorBoundary (webpack-internal:///(app-pages-browser)/./node_modules/next/dist/client/components/error-boundary.js:160:11)
    at InnerScrollAndFocusHandler (webpack-internal:///(app-pages-browser)/./node_modules/next/dist/client/components/layout-router.js:153:9)
    at ScrollAndFocusHandler (webpack-internal:///(app-pages-browser)/./node_modules/next/dist/client/components/layout-router.js:228:11)
    at RenderFromTemplateContext (webpack-internal:///(app-pages-browser)/./node_modules/next/dist/client/components/render-from-template-context.js:16:44)
    at OuterLayoutRouter (webpack-internal:///(app-pages-browser)/./node_modules/next/dist/client/components/layout-router.js:370:11)
    at InnerLayoutRouter (webpack-internal:///(app-pages-browser)/./node_modules/next/dist/client/components/layout-router.js:243:11)
    at RedirectErrorBoundary (webpack-internal:///(app-pages-browser)/./node_modules/next/dist/client/components/redirect-boundary.js:74:9)
    at RedirectBoundary (webpack-internal:///(app-pages-browser)/./node_modules/next/dist/client/components/redirect-boundary.js:82:11)
    at NotFoundBoundary (webpack-internal:///(app-pages-browser)/./node_modules/next/dist/client/components/not-found-boundary.js:84:11)
    at LoadingBoundary (webpack-internal:///(app-pages-browser)/./node_modules/next/dist/client/components/layout-router.js:349:11)
    at ErrorBoundary (webpack-internal:///(app-pages-browser)/./node_modules/next/dist/client/components/error-boundary.js:160:11)
    at InnerScrollAndFocusHandler (webpack-internal:///(app-pages-browser)/./node_modules/next/dist/client/components/layout-router.js:153:9)
    at ScrollAndFocusHandler (webpack-internal:///(app-pages-browser)/./node_modules/next/dist/client/components/layout-router.js:228:11)
    at RenderFromTemplateContext (webpack-internal:///(app-pages-browser)/./node_modules/next/dist/client/components/render-from-template-context.js:16:44)
    at OuterLayoutRouter (webpack-internal:///(app-pages-browser)/./node_modules/next/dist/client/components/layout-router.js:370:11)
    at AdminLayout (webpack-internal:///(app-pages-browser)/./app/admin/layout.tsx:281:11)
    at InnerLayoutRouter (webpack-internal:///(app-pages-browser)/./node_modules/next/dist/client/components/layout-router.js:243:11)
    at RedirectErrorBoundary (webpack-internal:///(app-pages-browser)/./node_modules/next/dist/client/components/redirect-boundary.js:74:9)
    at RedirectBoundary (webpack-internal:///(app-pages-browser)/./node_modules/next/dist/client/components/redirect-boundary.js:82:11)
    at NotFoundErrorBoundary (webpack-internal:///(app-pages-browser)/./node_modules/next/dist/client/components/not-found-boundary.js:76:9)
    at NotFoundBoundary (webpack-internal:///(app-pages-browser)/./node_modules/next/dist/client/components/not-found-boundary.js:84:11)
    at LoadingBoundary (webpack-internal:///(app-pages-browser)/./node_modules/next/dist/client/components/layout-router.js:349:11)
    at ErrorBoundary (webpack-internal:///(app-pages-browser)/./node_modules/next/dist/client/components/error-boundary.js:160:11)
    at InnerScrollAndFocusHandler (webpack-internal:///(app-pages-browser)/./node_modules/next/dist/client/components/layout-router.js:153:9)
    at ScrollAndFocusHandler (webpack-internal:///(app-pages-browser)/./node_modules/next/dist/client/components/layout-router.js:228:11)
    at RenderFromTemplateContext (webpack-internal:///(app-pages-browser)/./node_modules/next/dist/client/components/render-from-template-context.js:16:44)
    at OuterLayoutRouter (webpack-internal:///(app-pages-browser)/./node_modules/next/dist/client/components/layout-router.js:370:11)
    at RootLayoutClient (webpack-internal:///(app-pages-browser)/./components/RootLayoutClient.tsx:17:11)
    at body
    at html
    at RootLayout (Server)
    at RedirectErrorBoundary (webpack-internal:///(app-pages-browser)/./node_modules/next/dist/client/components/redirect-boundary.js:74:9)
    at RedirectBoundary (webpack-internal:///(app-pages-browser)/./node_modules/next/dist/client/components/redirect-boundary.js:82:11)
    at NotFoundErrorBoundary (webpack-internal:///(app-pages-browser)/./node_modules/next/dist/client/components/not-found-boundary.js:76:9)
    at NotFoundBoundary (webpack-internal:///(app-pages-browser)/./node_modules/next/dist/client/components/not-found-boundary.js:84:11)
    at DevRootNotFoundBoundary (webpack-internal:///(app-pages-browser)/./node_modules/next/dist/client/components/dev-root-not-found-boundary.js:33:11)
    at ReactDevOverlay (webpack-internal:///(app-pages-browser)/./node_modules/next/dist/client/components/react-dev-overlay/app/ReactDevOverlay.js:87:9)
    at HotReload (webpack-internal:///(app-pages-browser)/./node_modules/next/dist/client/components/react-dev-overlay/app/hot-reloader-client.js:321:11)
    at Router (webpack-internal:///(app-pages-browser)/./node_modules/next/dist/client/components/app-router.js:207:11)
    at ErrorBoundaryHandler (webpack-internal:///(app-pages-browser)/./node_modules/next/dist/client/components/error-boundary.js:113:9)
    at ErrorBoundary (webpack-internal:///(app-pages-browser)/./node_modules/next/dist/client/components/error-boundary.js:160:11)
    at AppRouter (webpack-internal:///(app-pages-browser)/./node_modules/next/dist/client/components/app-router.js:585:13)
    at ServerRoot (webpack-internal:///(app-pages-browser)/./node_modules/next/dist/client/app-index.js:112:27)
    at Root (webpack-internal:///(app-pages-browser)/./node_modules/next/dist/client/app-index.js:117:11)
  - [Console Error] Failed to load resource: the server responded with a status of 404 (Not Found)
  - [Console Error] Failed to load resource: the server responded with a status of 404 (Not Found)
  - [Console Error] Failed to load resource: the server responded with a status of 404 (Not Found)
  - [Console Error] Failed to load resource: the server responded with a status of 404 (Not Found)
  - [Console Error] Failed to load resource: the server responded with a status of 404 (Not Found)
  - [Console Error] Failed to load resource: the server responded with a status of 404 (Not Found)
  - [Console Error] Failed to load resource: the server responded with a status of 404 (Not Found)
  - [Console Error] Failed to load resource: the server responded with a status of 404 (Not Found)
  - [Console Error] Failed to load resource: the server responded with a status of 404 (Not Found)
  ... and 185 more errors

âŒ FAILED REQUESTS:
  - [HTTP 404] http://localhost:3008/images/library/thumb-7.jpg
  - [HTTP 404] http://localhost:3008/images/library/thumb-22.jpg
  - [HTTP 404] http://localhost:3008/images/library/thumb-13.jpg
  - [HTTP 404] http://localhost:3008/images/library/thumb-4.jpg
  - [HTTP 404] http://localhost:3008/images/library/thumb-19.jpg
  - [HTTP 404] http://localhost:3008/images/library/thumb-16.jpg
  - [HTTP 404] http://localhost:3008/images/library/thumb-10.jpg
  - [HTTP 404] http://localhost:3008/images/library/thumb-1.jpg
  - [HTTP 404] http://localhost:3008/images/videos/thumb-21.jpg
  - [HTTP 404] http://localhost:3008/images/videos/thumb-15.jpg
  ... and 181 more failures

================================================================================
âš ï¸  ALL PAGES LOADED - SOME CRUD OPERATIONS FAILED
================================================================================

ğŸ’¾ Report saved to: D:\GLEC-Website\glec-website\test-results\admin-comprehensive-report.json
  ok 1 [chromium] â€º tests\e2e\admin\comprehensive-admin-test.spec.ts:578:7 â€º Comprehensive Admin Portal E2E Test â€º should test all admin pages with CRUD operations (1.9m)

  1 passed (1.9m)
